<?xml version="1.0" encoding="UTF-8"?>
<testsuite xmlns:xsi="http://www.w3.org/2001/XMLSchema-instance" xsi:noNamespaceSchemaLocation="https://maven.apache.org/surefire/maven-surefire-plugin/xsd/surefire-test-report-3.0.xsd" version="3.0" name="com.parking.apigateway.ApigatewayApplicationTests" time="5.329" tests="1" errors="0" skipped="0" failures="0">
  <properties>
[...]
</properties>
  <testcase name="contextLoads" classname="com.parking.apigateway.ApigatewayApplicationTests" time="0.573">
    <system-out><![CDATA[01:10:35.352 [main] INFO org.springframework.test.context.support.AnnotationConfigContextLoaderUtils -- Could not detect default configuration classes for test class [com.parking.apigateway.ApigatewayApplicationTests]: ApigatewayApplicationTests does not declare any static, non-private, non-final, nested classes annotated with @Configuration.
01:10:35.446 [main] INFO org.springframework.boot.test.context.SpringBootTestContextBootstrapper -- Found @SpringBootConfiguration com.parking.apigateway.ApigatewayApplication for test class com.parking.apigateway.ApigatewayApplicationTests

  .   ____          _            __ _ _
 /\\ / ___'_ __ _ _(_)_ __  __ _ \ \ \ \
( ( )\___ | '_ | '_| | '_ \/ _` | \ \ \ \
 \\/  ___)| |_)| | | | | || (_| |  ) ) ) )
  '  |____| .__|_| |_|_| |_\__, | / / / /
 =========|_|==============|___/=/_/_/_/
 :: Spring Boot ::                (v3.1.6)

2025-10-12T01:10:36.511+05:30  INFO 5312 --- [           main] c.p.a.ApigatewayApplicationTests         : Starting ApigatewayApplicationTests using Java 17.0.12 with PID 5312 (started by aryan in D:\JavaMicroservice\Parking\apigateway)
2025-10-12T01:10:36.513+05:30  INFO 5312 --- [           main] c.p.a.ApigatewayApplicationTests         : No active profile set, falling back to 1 default profile: "default"
2025-10-12T01:10:36.557+05:30  INFO 5312 --- [           main] o.s.c.c.c.ConfigServerConfigDataLoader   : Fetching config from server at : http://localhost:8888
2025-10-12T01:10:36.558+05:30  INFO 5312 --- [           main] o.s.c.c.c.ConfigServerConfigDataLoader   : Located environment: name=apigateway, profiles=[default], label=null, version=null, state=null
2025-10-12T01:10:36.558+05:30  INFO 5312 --- [           main] o.s.c.c.c.ConfigServerConfigDataLoader   : Fetching config from server at : http://localhost:8888
2025-10-12T01:10:36.558+05:30  INFO 5312 --- [           main] o.s.c.c.c.ConfigServerConfigDataLoader   : Located environment: name=apigateway, profiles=[default], label=null, version=null, state=null
2025-10-12T01:10:36.558+05:30  INFO 5312 --- [           main] o.s.c.c.c.ConfigServerConfigDataLoader   : Fetching config from server at : http://localhost:8888
2025-10-12T01:10:36.558+05:30  INFO 5312 --- [           main] o.s.c.c.c.ConfigServerConfigDataLoader   : Located environment: name=apigateway, profiles=[default], label=null, version=null, state=null
2025-10-12T01:10:37.596+05:30  INFO 5312 --- [           main] o.s.cloud.context.scope.GenericScope     : BeanFactory id=e648aab2-5292-3afb-a5d0-5373fe41c6b8
2025-10-12T01:10:37.712+05:30  INFO 5312 --- [           main] trationDelegate$BeanPostProcessorChecker : Bean 'org.springframework.cloud.client.loadbalancer.reactive.LoadBalancerBeanPostProcessorAutoConfiguration' of type [org.springframework.cloud.client.loadbalancer.reactive.LoadBalancerBeanPostProcessorAutoConfiguration] is not eligible for getting processed by all BeanPostProcessors (for example: not eligible for auto-proxying)
2025-10-12T01:10:37.715+05:30  INFO 5312 --- [           main] trationDelegate$BeanPostProcessorChecker : Bean 'org.springframework.cloud.client.loadbalancer.reactive.LoadBalancerBeanPostProcessorAutoConfiguration$ReactorDeferringLoadBalancerFilterConfig' of type [org.springframework.cloud.client.loadbalancer.reactive.LoadBalancerBeanPostProcessorAutoConfiguration$ReactorDeferringLoadBalancerFilterConfig] is not eligible for getting processed by all BeanPostProcessors (for example: not eligible for auto-proxying)
2025-10-12T01:10:37.717+05:30  INFO 5312 --- [           main] trationDelegate$BeanPostProcessorChecker : Bean 'reactorDeferringLoadBalancerExchangeFilterFunction' of type [org.springframework.cloud.client.loadbalancer.reactive.DeferringLoadBalancerExchangeFilterFunction] is not eligible for getting processed by all BeanPostProcessors (for example: not eligible for auto-proxying)
2025-10-12T01:10:38.682+05:30  INFO 5312 --- [           main] o.s.c.g.r.RouteDefinitionRouteLocator    : Loaded RoutePredicateFactory [After]
2025-10-12T01:10:38.682+05:30  INFO 5312 --- [           main] o.s.c.g.r.RouteDefinitionRouteLocator    : Loaded RoutePredicateFactory [Before]
2025-10-12T01:10:38.683+05:30  INFO 5312 --- [           main] o.s.c.g.r.RouteDefinitionRouteLocator    : Loaded RoutePredicateFactory [Between]
2025-10-12T01:10:38.683+05:30  INFO 5312 --- [           main] o.s.c.g.r.RouteDefinitionRouteLocator    : Loaded RoutePredicateFactory [Cookie]
2025-10-12T01:10:38.683+05:30  INFO 5312 --- [           main] o.s.c.g.r.RouteDefinitionRouteLocator    : Loaded RoutePredicateFactory [Header]
2025-10-12T01:10:38.683+05:30  INFO 5312 --- [           main] o.s.c.g.r.RouteDefinitionRouteLocator    : Loaded RoutePredicateFactory [Host]
2025-10-12T01:10:38.683+05:30  INFO 5312 --- [           main] o.s.c.g.r.RouteDefinitionRouteLocator    : Loaded RoutePredicateFactory [Method]
2025-10-12T01:10:38.683+05:30  INFO 5312 --- [           main] o.s.c.g.r.RouteDefinitionRouteLocator    : Loaded RoutePredicateFactory [Path]
2025-10-12T01:10:38.683+05:30  INFO 5312 --- [           main] o.s.c.g.r.RouteDefinitionRouteLocator    : Loaded RoutePredicateFactory [Query]
2025-10-12T01:10:38.683+05:30  INFO 5312 --- [           main] o.s.c.g.r.RouteDefinitionRouteLocator    : Loaded RoutePredicateFactory [ReadBody]
2025-10-12T01:10:38.683+05:30  INFO 5312 --- [           main] o.s.c.g.r.RouteDefinitionRouteLocator    : Loaded RoutePredicateFactory [RemoteAddr]
2025-10-12T01:10:38.683+05:30  INFO 5312 --- [           main] o.s.c.g.r.RouteDefinitionRouteLocator    : Loaded RoutePredicateFactory [XForwardedRemoteAddr]
2025-10-12T01:10:38.683+05:30  INFO 5312 --- [           main] o.s.c.g.r.RouteDefinitionRouteLocator    : Loaded RoutePredicateFactory [Weight]
2025-10-12T01:10:38.683+05:30  INFO 5312 --- [           main] o.s.c.g.r.RouteDefinitionRouteLocator    : Loaded RoutePredicateFactory [CloudFoundryRouteService]
2025-10-12T01:10:39.132+05:30  INFO 5312 --- [           main] o.s.b.a.e.web.EndpointLinksResolver      : Exposing 1 endpoint(s) beneath base path '/actuator'
2025-10-12T01:10:39.349+05:30  INFO 5312 --- [           main] DiscoveryClientOptionalArgsConfiguration : Eureka HTTP Client uses RestTemplate.
2025-10-12T01:10:39.382+05:30  WARN 5312 --- [           main] iguration$LoadBalancerCaffeineWarnLogger : Spring Cloud LoadBalancer is currently working with the default cache. While this cache implementation is useful for development and tests, it's recommended to use Caffeine cache in production.You can switch to using Caffeine cache, by adding it and org.springframework.cache.caffeine.CaffeineCacheManager to the classpath.
2025-10-12T01:10:39.436+05:30  INFO 5312 --- [           main] o.s.c.n.eureka.InstanceInfoFactory       : Setting initial instance status as: STARTING
2025-10-12T01:10:39.512+05:30  INFO 5312 --- [           main] com.netflix.discovery.DiscoveryClient    : Initializing Eureka in region us-east-1
2025-10-12T01:10:39.522+05:30  INFO 5312 --- [           main] c.n.d.s.r.aws.ConfigClusterResolver      : Resolving eureka endpoints via configuration
2025-10-12T01:10:39.546+05:30  INFO 5312 --- [           main] com.netflix.discovery.DiscoveryClient    : Disable delta property : false
2025-10-12T01:10:39.546+05:30  INFO 5312 --- [           main] com.netflix.discovery.DiscoveryClient    : Single vip registry refresh property : null
2025-10-12T01:10:39.546+05:30  INFO 5312 --- [           main] com.netflix.discovery.DiscoveryClient    : Force full registry fetch : false
2025-10-12T01:10:39.546+05:30  INFO 5312 --- [           main] com.netflix.discovery.DiscoveryClient    : Application is null : false
2025-10-12T01:10:39.546+05:30  INFO 5312 --- [           main] com.netflix.discovery.DiscoveryClient    : Registered Applications size is zero : true
2025-10-12T01:10:39.546+05:30  INFO 5312 --- [           main] com.netflix.discovery.DiscoveryClient    : Application version is -1: true
2025-10-12T01:10:39.546+05:30  INFO 5312 --- [           main] com.netflix.discovery.DiscoveryClient    : Getting all instance registry info from the eureka server
2025-10-12T01:10:39.877+05:30  INFO 5312 --- [           main] com.netflix.discovery.DiscoveryClient    : The response status is 200
2025-10-12T01:10:39.880+05:30  INFO 5312 --- [           main] com.netflix.discovery.DiscoveryClient    : Starting heartbeat executor: renew interval is: 30
2025-10-12T01:10:39.887+05:30  INFO 5312 --- [           main] c.n.discovery.InstanceInfoReplicator     : InstanceInfoReplicator onDemand update allowed rate per min is 4
2025-10-12T01:10:39.891+05:30  INFO 5312 --- [           main] com.netflix.discovery.DiscoveryClient    : Discovery Client initialized at timestamp 1760211639890 with initial instances count: 0
2025-10-12T01:10:39.893+05:30  INFO 5312 --- [           main] o.s.c.n.e.s.EurekaServiceRegistry        : Registering application APIGATEWAY with eureka with status UP
2025-10-12T01:10:39.894+05:30  INFO 5312 --- [           main] com.netflix.discovery.DiscoveryClient    : Saw local status change event StatusChangeEvent [timestamp=1760211639894, current=UP, previous=STARTING]
2025-10-12T01:10:39.896+05:30  INFO 5312 --- [nfoReplicator-0] com.netflix.discovery.DiscoveryClient    : DiscoveryClient_APIGATEWAY/192.168.1.9:apigateway:9010: registering service...
2025-10-12T01:10:39.946+05:30  INFO 5312 --- [           main] c.p.a.ApigatewayApplicationTests         : Started ApigatewayApplicationTests in 4.351 seconds (process running for 5.237)
2025-10-12T01:10:40.077+05:30  INFO 5312 --- [nfoReplicator-0] com.netflix.discovery.DiscoveryClient    : DiscoveryClient_APIGATEWAY/192.168.1.9:apigateway:9010 - registration status: 204
]]></system-out>
  </testcase>
</testsuite>